<?xml version="1.0" encoding="UTF-8"?>
<!-- Generated by org.testng.reporters.JUnitReportReporter -->
<testsuite skipped="0" hostname="PRO-5CG8130VYZ" name="framework.AllProject.BrokenLinks" tests="1" failures="0" timestamp="26 Jul 2022 12:34:51 GMT" time="198.108" errors="0">
  <testcase name="brokenlinks" time="198.108" classname="framework.AllProject.BrokenLinks"/>
</testsuite> <!-- framework.AllProject.BrokenLinks -->
