<?xml version="1.0" encoding="UTF-8"?>
<!-- Generated by org.testng.reporters.JUnitReportReporter -->
<testsuite skipped="0" hostname="PRO-5CG8130VYZ" name="framework.AllProject.DBTest" tests="1" failures="0" timestamp="29 Aug 2022 08:41:31 GMT" time="0.054" errors="0">
  <testcase name="test" time="0.054" classname="framework.AllProject.DBTest"/>
</testsuite> <!-- framework.AllProject.DBTest -->
